[    0.000000] Linux version 4.15.0-212-generic (buildd@lcy02-amd64-083) (gcc version 7.5.0 (Ubuntu 7.5.0-3ubuntu1~18.04)) #223-Ubuntu SMP Tue May 23 13:09:22 UTC 2023 (Ubuntu 4.15.0-212.223-generic 4.15.18)
[    0.000000] Command line: BOOT_IMAGE=/boot/vmlinuz-4.15.0-212-generic root=LABEL=cloudimg-rootfs ro console=tty1 console=ttyS0
[    0.000000] KERNEL supported cpus:
[    0.000000]   Intel GenuineIntel
[    0.000000]   AMD AuthenticAMD
[    0.000000]   Centaur CentaurHauls
[    0.000000] x86/fpu: x87 FPU will use FXSAVE
[    0.000000] e820: BIOS-provided physical RAM map:
[    0.000000] BIOS-e820: [mem 0x0000000000000000-0x000000000009fbff] usable
[    0.000000] BIOS-e820: [mem 0x000000000009fc00-0x000000000009ffff] reserved
[    0.000000] BIOS-e820: [mem 0x00000000000f0000-0x00000000000fffff] reserved
[    0.000000] BIOS-e820: [mem 0x0000000000100000-0x000000003ffeffff] usable
[    0.000000] BIOS-e820: [mem 0x000000003fff0000-0x000000003fffffff] ACPI data
[    0.000000] BIOS-e820: [mem 0x00000000fec00000-0x00000000fec00fff] reserved
[    0.000000] BIOS-e820: [mem 0x00000000fee00000-0x00000000fee00fff] reserved
[    0.000000] BIOS-e820: [mem 0x00000000fffc0000-0x00000000ffffffff] reserved
[    0.000000] NX (Execute Disable) protection: active
[    0.000000] SMBIOS 2.5 present.
[    0.000000] DMI: innotek GmbH VirtualBox/VirtualBox, BIOS VirtualBox 12/01/2006
[    0.000000] Hypervisor detected: KVM
[    0.000000] e820: last_pfn = 0x3fff0 max_arch_pfn = 0x400000000
[    0.000000] MTRR: Disabled
[    0.000000] x86/PAT: MTRRs disabled, skipping PAT initialization too.
[    0.000000] CPU MTRRs all blank - virtualized system.
[    0.000000] x86/PAT: Configuration [0-7]: WB  WT  UC- UC  WB  WT  UC- UC  
[    0.000000] found SMP MP-table at [mem 0x0009fff0-0x0009ffff]
[    0.000000] Scanning 1 areas for low memory corruption
[    0.000000] RAMDISK: [mem 0x359cb000-0x36cdcfff]
[    0.000000] ACPI: Early table checksum verification disabled
[    0.000000] ACPI: RSDP 0x00000000000E0000 000024 (v02 VBOX  )
[    0.000000] ACPI: XSDT 0x000000003FFF0030 00003C (v01 VBOX   VBOXXSDT 00000001 ASL  00000061)
[    0.000000] ACPI: FACP 0x000000003FFF00F0 0000F4 (v04 VBOX   VBOXFACP 00000001 ASL  00000061)
[    0.000000] ACPI: DSDT 0x000000003FFF0470 002325 (v02 VBOX   VBOXBIOS 00000002 INTL 20100528)
[    0.000000] ACPI: FACS 0x000000003FFF0200 000040
[    0.000000] ACPI: FACS 0x000000003FFF0200 000040
[    0.000000] ACPI: APIC 0x000000003FFF0240 00005C (v02 VBOX   VBOXAPIC 00000001 ASL  00000061)
[    0.000000] ACPI: SSDT 0x000000003FFF02A0 0001CC (v01 VBOX   VBOXCPUT 00000002 INTL 20100528)
[    0.000000] ACPI: Reserving FACP table memory at [mem 0x3fff00f0-0x3fff01e3]
[    0.000000] ACPI: Reserving DSDT table memory at [mem 0x3fff0470-0x3fff2794]
[    0.000000] ACPI: Reserving FACS table memory at [mem 0x3fff0200-0x3fff023f]
[    0.000000] ACPI: Reserving FACS table memory at [mem 0x3fff0200-0x3fff023f]
[    0.000000] ACPI: Reserving APIC table memory at [mem 0x3fff0240-0x3fff029b]
[    0.000000] ACPI: Reserving SSDT table memory at [mem 0x3fff02a0-0x3fff046b]
[    0.000000] No NUMA configuration found
[    0.000000] Faking a node at [mem 0x0000000000000000-0x000000003ffeffff]
[    0.000000] NODE_DATA(0) allocated [mem 0x3ffc5000-0x3ffeffff]
[    0.000000] kvm-clock: cpu 0, msr 0:3ff44001, primary cpu clock
[    0.000000] kvm-clock: Using msrs 4b564d01 and 4b564d00
[    0.000000] kvm-clock: using sched offset of 6784166428 cycles
[    0.000000] clocksource: kvm-clock: mask: 0xffffffffffffffff max_cycles: 0x1cd42e4dffb, max_idle_ns: 881590591483 ns
[    0.000000] Zone ranges:
[    0.000000]   DMA      [mem 0x0000000000001000-0x0000000000ffffff]
[    0.000000]   DMA32    [mem 0x0000000001000000-0x000000003ffeffff]
[    0.000000]   Normal   empty
[    0.000000]   Device   empty
[    0.000000] Movable zone start for each node
[    0.000000] Early memory node ranges
[    0.000000]   node   0: [mem 0x0000000000001000-0x000000000009efff]
[    0.000000]   node   0: [mem 0x0000000000100000-0x000000003ffeffff]
[    0.000000] Reserved but unavailable: 104 pages
[    0.000000] Initmem setup node 0 [mem 0x0000000000001000-0x000000003ffeffff]
[    0.000000] ACPI: PM-Timer IO Port: 0x4008
[    0.000000] IOAPIC[0]: apic_id 2, version 32, address 0xfec00000, GSI 0-23
[    0.000000] ACPI: INT_SRC_OVR (bus 0 bus_irq 0 global_irq 2 dfl dfl)
[    0.000000] ACPI: INT_SRC_OVR (bus 0 bus_irq 9 global_irq 9 low level)
[    0.000000] Using ACPI (MADT) for SMP configuration information
[    0.000000] smpboot: Allowing 2 CPUs, 0 hotplug CPUs
[    0.000000] PM: Registered nosave memory: [mem 0x00000000-0x00000fff]
[    0.000000] PM: Registered nosave memory: [mem 0x0009f000-0x0009ffff]
[    0.000000] PM: Registered nosave memory: [mem 0x000a0000-0x000effff]
[    0.000000] PM: Registered nosave memory: [mem 0x000f0000-0x000fffff]
[    0.000000] e820: [mem 0x40000000-0xfebfffff] available for PCI devices
[    0.000000] Booting paravirtualized kernel on KVM
[    0.000000] clocksource: refined-jiffies: mask: 0xffffffff max_cycles: 0xffffffff, max_idle_ns: 7645519600211568 ns
[    0.000000] setup_percpu: NR_CPUS:8192 nr_cpumask_bits:2 nr_cpu_ids:2 nr_node_ids:1
[    0.000000] percpu: Embedded 50 pages/cpu s167936 r8192 d28672 u1048576
[    0.000000] PV qspinlock hash table entries: 256 (order: 0, 4096 bytes)
[    0.000000] Built 1 zonelists, mobility grouping on.  Total pages: 257913
[    0.000000] Policy zone: DMA32
[    0.000000] Kernel command line: BOOT_IMAGE=/boot/vmlinuz-4.15.0-212-generic root=LABEL=cloudimg-rootfs ro console=tty1 console=ttyS0
[    0.000000] Memory: 982644K/1048120K available (12300K kernel code, 2477K rwdata, 4324K rodata, 2480K init, 2720K bss, 65476K reserved, 0K cma-reserved)
[    0.000000] SLUB: HWalign=64, Order=0-3, MinObjects=0, CPUs=2, Nodes=1
[    0.000000] Kernel/User page tables isolation: enabled
[    0.000000] ftrace: allocating 39508 entries in 155 pages
[    0.004000] Hierarchical RCU implementation.
[    0.004000] 	RCU restricting CPUs from NR_CPUS=8192 to nr_cpu_ids=2.
[    0.004000] 	Tasks RCU enabled.
[    0.004000] RCU: Adjusting geometry for rcu_fanout_leaf=16, nr_cpu_ids=2
[    0.004000] NR_IRQS: 524544, nr_irqs: 440, preallocated irqs: 16
[    0.004000] Console: colour VGA+ 80x25
[    0.004000] console [tty1] enabled
[    0.004000] console [ttyS0] enabled
[    0.004000] ACPI: Core revision 20170831
[    0.004000] ACPI: 2 ACPI AML tables successfully acquired and loaded
[    0.004000] APIC: Switch to symmetric I/O mode setup
[    0.004000] ..TIMER: vector=0x30 apic1=0 pin1=2 apic2=-1 pin2=-1
[    0.004010] tsc: Detected 2495.998 MHz processor
[    0.008069] Calibrating delay loop (skipped) preset value.. 4991.99 BogoMIPS (lpj=9983992)
[    0.012009] pid_max: default: 32768 minimum: 301
[    0.016172] Security Framework initialized
[    0.020009] Yama: becoming mindful.
[    0.024309] AppArmor: AppArmor initialized
[    0.052831] Dentry cache hash table entries: 131072 (order: 8, 1048576 bytes)
[    0.061899] Inode-cache hash table entries: 65536 (order: 7, 524288 bytes)
[    0.064162] Mount-cache hash table entries: 2048 (order: 2, 16384 bytes)
[    0.068179] Mountpoint-cache hash table entries: 2048 (order: 2, 16384 bytes)
[    0.076045] Last level iTLB entries: 4KB 64, 2MB 8, 4MB 8
[    0.080010] Last level dTLB entries: 4KB 64, 2MB 0, 4MB 0, 1GB 4
[    0.084008] Spectre V1 : Mitigation: usercopy/swapgs barriers and __user pointer sanitization
[    0.088007] Spectre V2 : Mitigation: Retpolines
[    0.092005] Spectre V2 : Spectre v2 / SpectreRSB mitigation: Filling RSB on context switch
[    0.096006] Spectre V2 : Spectre v2 / SpectreRSB : Filling RSB on VMEXIT
[    0.100006] RETBleed: WARNING: Spectre v2 mitigation leaves CPU vulnerable to RETBleed attacks, data leaks possible!
[    0.104006] RETBleed: Vulnerable
[    0.108004] Speculative Store Bypass: Vulnerable
[    0.116103] MDS: Mitigation: Clear CPU buffers
[    0.120006] MMIO Stale Data: Mitigation: Clear CPU buffers
[    0.124225] Freeing SMP alternatives memory: 36K
[    0.244006] APIC calibration not consistent with PM-Timer: 102ms instead of 100ms
[    0.248000] APIC delta adjusted to PM-Timer: 6286693 (6427811)
[    0.248579] smpboot: CPU0: Intel(R) Core(TM) i5-6300U CPU @ 2.40GHz (family: 0x6, model: 0x4e, stepping: 0x3)
[    0.256151] Performance Events: unsupported p6 CPU model 78 no PMU driver, software events only.
[    0.260199] Hierarchical SRCU implementation.
[    0.265171] NMI watchdog: Perf event create on CPU 0 failed with -2
[    0.268006] NMI watchdog: Perf NMI watchdog permanently disabled
[    0.272553] smp: Bringing up secondary CPUs ...
[    0.284160] x86: Booting SMP configuration:
[    0.288023] .... node  #0, CPUs:      #1
[    0.004000] kvm-clock: cpu 1, msr 0:3ff44041, secondary cpu clock
[    0.303850] TSC synchronization [CPU#0 -> CPU#1]:
[    0.304000] Measured 165481 cycles TSC warp between CPUs, turning off TSC clock.
[    0.304000] tsc: Marking TSC unstable due to check_tsc_sync_source failed
[    0.308420] smp: Brought up 1 node, 2 CPUs
[    0.312011] smpboot: Max logical packages: 1
[    0.316010] smpboot: Total of 2 processors activated (9983.99 BogoMIPS)
[    0.320808] devtmpfs: initialized
[    0.324169] x86/mm: Memory block size: 128MB
[    0.332251] evm: security.selinux
[    0.336012] evm: security.SMACK64
[    0.340006] evm: security.SMACK64EXEC
[    0.344007] evm: security.SMACK64TRANSMUTE
[    0.348009] evm: security.SMACK64MMAP
[    0.352005] evm: security.apparmor
[    0.356006] evm: security.ima
[    0.360007] evm: security.capability
[    0.364593] clocksource: jiffies: mask: 0xffffffff max_cycles: 0xffffffff, max_idle_ns: 7645041785100000 ns
[    0.368023] futex hash table entries: 512 (order: 3, 32768 bytes)
[    0.372379] pinctrl core: initialized pinctrl subsystem
[    0.376602] RTC time: 13:51:17, date: 06/14/23
[    0.381667] NET: Registered protocol family 16
[    0.384322] audit: initializing netlink subsys (disabled)
[    0.388305] audit: type=2000 audit(1686750684.242:1): state=initialized audit_enabled=0 res=1
[    0.404011] cpuidle: using governor ladder
[    0.408017] cpuidle: using governor menu
[    0.412112] ACPI: bus type PCI registered
[    0.416006] acpiphp: ACPI Hot Plug PCI Controller Driver version: 0.5
[    0.420660] PCI: Using configuration type 1 for base access
[    0.428568] HugeTLB registered 2.00 MiB page size, pre-allocated 0 pages
[    0.436620] ACPI: Added _OSI(Module Device)
[    0.440020] ACPI: Added _OSI(Processor Device)
[    0.444004] ACPI: Added _OSI(3.0 _SCP Extensions)
[    0.448007] ACPI: Added _OSI(Processor Aggregator Device)
[    0.452010] ACPI: Added _OSI(Linux-Dell-Video)
[    0.456005] ACPI: Added _OSI(Linux-Lenovo-NV-HDMI-Audio)
[    0.460008] ACPI: Added _OSI(Linux-HPI-Hybrid-Graphics)
[    0.464995] ACPI: Executed 1 blocks of module-level executable AML code
[    0.478345] ACPI: Interpreter enabled
[    0.480023] ACPI: (supports S0 S5)
[    0.484006] ACPI: Using IOAPIC for interrupt routing
[    0.488483] PCI: Using host bridge windows from ACPI; if necessary, use "pci=nocrs" and report a bug
[    0.492375] ACPI: Enabled 2 GPEs in block 00 to 07
[    0.511336] ACPI: PCI Root Bridge [PCI0] (domain 0000 [bus 00-ff])
[    0.512017] acpi PNP0A03:00: _OSC: OS supports [ASPM ClockPM Segments MSI]
[    0.520676] acpi PNP0A03:00: _OSC: not requesting OS control; OS requires [ExtendedConfig ASPM ClockPM MSI]
[    0.524026] acpi PNP0A03:00: fail to add MMCONFIG information, can't access extended PCI configuration space under this bridge.
[    0.528864] PCI host bridge to bus 0000:00
[    0.532072] pci_bus 0000:00: root bus resource [io  0x0000-0x0cf7 window]
[    0.536009] pci_bus 0000:00: root bus resource [io  0x0d00-0xffff window]
[    0.540014] pci_bus 0000:00: root bus resource [mem 0x000a0000-0x000bffff window]
[    0.544011] pci_bus 0000:00: root bus resource [mem 0x40000000-0xfdffffff window]
[    0.548010] pci_bus 0000:00: root bus resource [bus 00-ff]
[    0.559401] pci 0000:00:01.1: legacy IDE quirk: reg 0x10: [io  0x01f0-0x01f7]
[    0.560008] pci 0000:00:01.1: legacy IDE quirk: reg 0x14: [io  0x03f6]
[    0.564009] pci 0000:00:01.1: legacy IDE quirk: reg 0x18: [io  0x0170-0x0177]
[    0.568007] pci 0000:00:01.1: legacy IDE quirk: reg 0x1c: [io  0x0376]
[    0.644919] pci 0000:00:07.0: quirk: [io  0x4000-0x403f] claimed by PIIX4 ACPI
[    0.648043] pci 0000:00:07.0: quirk: [io  0x4100-0x410f] claimed by PIIX4 SMB
[    0.666235] ACPI: PCI Interrupt Link [LNKA] (IRQs 5 9 10 *11)
[    0.668639] ACPI: PCI Interrupt Link [LNKB] (IRQs 5 9 *10 11)
[    0.672275] ACPI: PCI Interrupt Link [LNKC] (IRQs 5 *9 10 11)
[    0.676251] ACPI: PCI Interrupt Link [LNKD] (IRQs 5 9 10 *11)
[    0.681220] SCSI subsystem initialized
[    0.688325] pci 0000:00:02.0: vgaarb: setting as boot VGA device
[    0.692000] pci 0000:00:02.0: vgaarb: VGA device added: decodes=io+mem,owns=io+mem,locks=none
[    0.692049] pci 0000:00:02.0: vgaarb: bridge control possible
[    0.696008] vgaarb: loaded
[    0.700098] ACPI: bus type USB registered
[    0.704089] usbcore: registered new interface driver usbfs
[    0.708028] usbcore: registered new interface driver hub
[    0.712026] usbcore: registered new device driver usb
[    0.720014] EDAC MC: Ver: 3.0.0
[    0.728537] PCI: Using ACPI for IRQ routing
[    0.736037] NetLabel: Initializing
[    0.740020] NetLabel:  domain hash size = 128
[    0.744006] NetLabel:  protocols = UNLABELED CIPSOv4 CALIPSO
[    0.748057] NetLabel:  unlabeled traffic allowed by default
[    0.756371] clocksource: Switched to clocksource kvm-clock
[    0.768767] VFS: Disk quotas dquot_6.6.0
[    0.768767] VFS: Dquot-cache hash table entries: 512 (order 0, 4096 bytes)
[    0.768767] AppArmor: AppArmor Filesystem Enabled
[    0.768767] pnp: PnP ACPI init
[    0.768767] pnp: PnP ACPI: found 3 devices
[    0.937399] clocksource: acpi_pm: mask: 0xffffff max_cycles: 0xffffff, max_idle_ns: 2085701024 ns
[    0.940411] NET: Registered protocol family 2
[    0.940411] IP idents hash table entries: 16384 (order: 5, 131072 bytes)
[    0.964460] TCP established hash table entries: 8192 (order: 4, 65536 bytes)
[    0.974876] TCP bind hash table entries: 8192 (order: 5, 131072 bytes)
[    0.978386] TCP: Hash tables configured (established 8192 bind 8192)
[    0.978386] UDP hash table entries: 512 (order: 2, 16384 bytes)
[    0.978386] UDP-Lite hash table entries: 512 (order: 2, 16384 bytes)
[    0.978386] NET: Registered protocol family 1
[    0.978386] pci 0000:00:00.0: Limiting direct PCI/PCI transfers
[    0.978386] pci 0000:00:01.0: Activating ISA DMA hang workarounds
[    0.978386] pci 0000:00:02.0: Video device with shadowed ROM at [mem 0x000c0000-0x000dffff]
[    0.978386] Unpacking initramfs...
[    1.877306] Freeing initrd memory: 19528K
[    1.883062] clocksource: tsc: mask: 0xffffffffffffffff max_cycles: 0x23fa754787d, max_idle_ns: 440795210092 ns
[    1.896221] platform rtc_cmos: registered platform RTC device (no PNP device found)
[    1.905247] Scanning for low memory corruption every 60 seconds
[    1.915910] Initialise system trusted keyrings
[    1.923467] Key type blacklist registered
[    1.930670] workingset: timestamp_bits=36 max_order=18 bucket_order=0
[    1.944902] zbud: loaded
[    1.951456] squashfs: version 4.0 (2009/01/31) Phillip Lougher
[    1.962143] fuse init (API version 7.26)
[    2.022885] Key type asymmetric registered
[    2.028388] Asymmetric key parser 'x509' registered
[    2.033675] Block layer SCSI generic (bsg) driver version 0.4 loaded (major 246)
[    2.042586] io scheduler noop registered
[    2.046948] io scheduler deadline registered
[    2.051817] io scheduler cfq registered (default)
[    2.058882] ACPI: AC Adapter [AC] (on-line)
[    2.065085] input: Power Button as /devices/LNXSYSTM:00/LNXPWRBN:00/input/input0
[    2.076539] ACPI: Power Button [PWRF]
[    2.081669] input: Sleep Button as /devices/LNXSYSTM:00/LNXSLPBN:00/input/input1
[    2.085422] ACPI: Sleep Button [SLPF]
[    2.098746] ACPI: Battery Slot [BAT0] (battery present)
[    2.107496] Serial: 8250/16550 driver, 32 ports, IRQ sharing enabled
   2.118371] 00:02: ttyS0 at I/O 0x3f8 (irq = 4, base_baud = 115200) is a 16550A
[    2.563344] Linux agpgart interface v0.103
[    2.585831] loop: module loaded
[    2.593702] scsi host0: ata_piix
[    2.600286] scsi host1: ata_piix
[    2.605333] ata1: PATA max UDMA/33 cmd 0x1f0 ctl 0x3f6 bmdma 0xd000 irq 14
[    2.614013] ata2: PATA max UDMA/33 cmd 0x170 ctl 0x376 bmdma 0xd008 irq 15
[    2.625716] tun: Universal TUN/TAP device driver, 1.6
[    2.635501] PPP generic driver version 2.4.2
[    2.642716] ehci_hcd: USB 2.0 'Enhanced' Host Controller (EHCI) Driver
[    2.651641] ehci-pci: EHCI PCI platform driver
[    2.658777] ehci-platform: EHCI generic platform driver
[    2.666519] ohci_hcd: USB 1.1 'Open' Host Controller (OHCI) Driver
[    2.675656] ohci-pci: OHCI PCI platform driver
[    2.682697] ohci-platform: OHCI generic platform driver
[    2.690745] uhci_hcd: USB Universal Host Controller Interface driver
[    2.699494] i8042: PNP: PS/2 Controller [PNP0303:PS2K,PNP0f03:PS2M] at 0x60,0x64 irq 1,12
[    2.716976] serio: i8042 KBD port at 0x60,0x64 irq 1
[    2.724294] serio: i8042 AUX port at 0x60,0x64 irq 12
[    2.731638] mousedev: PS/2 mouse device common for all mice
[    2.745248] input: AT Translated Set 2 keyboard as /devices/platform/i8042/serio0/input/input2
[    2.746396] rtc_cmos rtc_cmos: rtc core: registered rtc_cmos as rtc0
[    2.772660] rtc_cmos rtc_cmos: alarms up to one day, 114 bytes nvram
[    2.781374] i2c /dev entries driver
[    2.787728] device-mapper: uevent: version 1.0.3
[    2.795532] device-mapper: ioctl: 4.37.0-ioctl (2017-09-20) initialised: dm-devel@redhat.com
[    2.823887] ledtrig-cpu: registered to indicate activity on CPUs
[    2.833013] BUG: stack guard page was hit at         (ptrval) (stack is         (ptrval)..        (ptrval))
[    2.836162] kernel stack overflow (double-fault): 0000 [#1] SMP PTI
[    2.836162] Modules linked in:
[    2.836162] CPU: 0 PID: 1 Comm: swapper/0 Not tainted 4.15.0-212-generic #223-Ubuntu
[    2.861686] Hardware name: innotek GmbH VirtualBox/VirtualBox, BIOS VirtualBox 12/01/2006
[    2.861686] RIP: 0010:error_entry+0xc/0x140
[    2.861686] RSP: 0000:ffffb0d080198000 EFLAGS: 00010046
[    2.861686] RAX: 0000000000000028 RBX: 0000000000000000 RCX: ffffffff83c00a47
[    2.861686] RDX: 0000000000000028 RSI: ffffffff83c0165f RDI: ffffb0d0801980e8
[    2.861686] RBP: ffffb0d0801980a8 R08: 0000000000000000 R09: 0000000000000000
[    2.861686] R10: 0000000000000000 R11: 0000000000000000 R12: 0000000000000028
[    2.861686] R13: ffffb0d0801980e8 R14: 0000000000000000 R15: 0000000000000000
[    2.861686] FS:  0000000000000000(0000) GS:ffff9e807fc00000(0000) knlGS:0000000000000000
[    2.861686] CS:  0010 DS: 0000 ES: 0000 CR0: 0000000080050033
[    2.861686] CR2: ffffb0d080197ff8 CR3: 000000003920a001 CR4: 00000000000206f0
[    2.861686] Call Trace:
[    2.861686]  ? __do_page_fault+0x1f/0x4b0
[    2.861686]  do_page_fault+0x2e/0xe0
[    2.861686]  page_fault+0x25/0x50
[    2.861686] RIP: 0010:__do_page_fault+0x1f/0x4b0
[    2.861686] RSP: 0000:ffffb0d080198190 EFLAGS: 00010086
[    2.861686] RAX: 0000000000000028 RBX: 0000000000000000 RCX: ffffffff83c00a47
[    2.861686] RDX: 0000000000000028 RSI: 0000000000000000 RDI: ffffb0d080198238
[    2.861686] RBP: ffffb0d0801981f8 R08: 0000000000000000 R09: 0000000000000000
[    2.861686] R10: 0000000000000000 R11: 0000000000000000 R12: 0000000000000028
[    2.861686] R13: ffffb0d080198238 R14: 0000000000000000 R15: 0000000000000000
[    2.861686]  ? native_iret+0x7/0x7
[    2.861686]  do_page_fault+0x2e/0xe0
[    2.861686]  page_fault+0x25/0x50
[    2.861686] RIP: 0010:__do_page_fault+0x1f/0x4b0
[    2.861686] RSP: 0000:ffffb0d0801982e0 EFLAGS: 00010082
[    2.861686] RAX: 0000000000000028 RBX: 0000000000000000 RCX: ffffffff83c00a47
[    2.861686] RDX: 0000000000000028 RSI: 0000000000000000 RDI: ffffb0d080198388
[    2.861686] RBP: ffffb0d080198348 R08: 0000000000000000 R09: 0000000000000000
[    2.861686] R10: 0000000000000000 R11: 0000000000000000 R12: 0000000000000028
[    2.861686] R13: ffffb0d080198388 R14: 0000000000000000 R15: 0000000000000000
[    2.861686]  ? native_iret+0x7/0x7
[    2.861686]  do_page_fault+0x2e/0xe0
[    2.861686]  page_fault+0x25/0x50
[    2.861686] RIP: 0010:__do_page_fault+0x1f/0x4b0
[    2.861686] RSP: 0000:ffffb0d080198430 EFLAGS: 00010086
[    2.861686] RAX: 0000000000000028 RBX: 0000000000000000 RCX: ffffffff83c00a47
[    2.861686] RDX: 0000000000000028 RSI: 0000000000000000 RDI: ffffb0d0801984d8
[    2.861686] RBP: ffffb0d080198498 R08: 0000000000000000 R09: 0000000000000000
[    2.861686] R10: 0000000000000000 R11: 0000000000000000 R12: 0000000000000028
[    2.861686] R13: ffffb0d0801984d8 R14: 0000000000000000 R15: 0000000000000000
[    2.861686]  ? native_iret+0x7/0x7
[    2.861686]  do_page_fault+0x2e/0xe0
[    2.861686]  page_fault+0x25/0x50
[    2.861686] RIP: 0010:__do_page_fault+0x1f/0x4b0
[    2.861686] RSP: 0000:ffffb0d080198580 EFLAGS: 00010082
[    2.861686] RAX: 0000000000000028 RBX: 0000000000000000 RCX: ffffffff83c00a47
[    2.861686] RDX: 0000000000000028 RSI: 0000000000000000 RDI: ffffb0d080198628
[    2.861686] RBP: ffffb0d0801985e8 R08: 0000000000000000 R09: 0000000000000000
[    2.861686] R10: 0000000000000000 R11: 0000000000000000 R12: 0000000000000028
[    2.861686] R13: ffffb0d080198628 R14: 0000000000000000 R15: 0000000000000000
[    2.861686]  ? native_iret+0x7/0x7
[    2.861686]  do_page_fault+0x2e/0xe0
[    2.861686]  page_fault+0x25/0x50
[    2.861686] RIP: 0010:__do_page_fault+0x1f/0x4b0
[    2.861686] RSP: 0000:ffffb0d0801986d0 EFLAGS: 00010082
[    2.861686] RAX: 0000000000000028 RBX: 0000000000000000 RCX: ffffffff83c00a47
[    2.861686] RDX: 0000000000000028 RSI: 0000000000000000 RDI: ffffb0d080198778
[    2.861686] RBP: ffffb0d080198738 R08: 0000000000000000 R09: 0000000000000000
[    2.861686] R10: 0000000000000000 R11: 0000000000000000 R12: 0000000000000028
[    2.861686] R13: ffffb0d080198778 R14: 0000000000000000 R15: 0000000000000000
[    2.861686]  ? native_iret+0x7/0x7
[    2.861686]  do_page_fault+0x2e/0xe0
[    2.861686]  page_fault+0x25/0x50
[    2.861686] RIP: 0010:__do_page_fault+0x1f/0x4b0
[    2.861686] RSP: 0000:ffffb0d080198820 EFLAGS: 00010082
[    2.861686] RAX: 0000000000000028 RBX: 0000000000000000 RCX: ffffffff83c00a47
[    2.861686] RDX: 0000000000000028 RSI: 0000000000000000 RDI: ffffb0d0801988c8
[    2.861686] RBP: ffffb0d080198888 R08: 0000000000000000 R09: 0000000000000000
[    2.861686] R10: 0000000000000000 R11: 0000000000000000 R12: 0000000000000028
[    2.861686] R13: ffffb0d0801988c8 R14: 0000000000000000 R15: 0000000000000000
[    2.861686]  ? native_iret+0x7/0x7
[    2.861686]  do_page_fault+0x2e/0xe0
[    2.861686]  page_fault+0x25/0x50
[    2.861686] RIP: 0010:__do_page_fault+0x1f/0x4b0
[    2.861686] RSP: 0000:ffffb0d080198970 EFLAGS: 00010082
[    2.861686] RAX: 0000000000000028 RBX: 0000000000000000 RCX: ffffffff83c00a47
[    2.861686] RDX: 0000000000000028 RSI: 0000000000000000 RDI: ffffb0d080198a18
[    2.861686] RBP: ffffb0d0801989d8 R08: 0000000000000000 R09: 0000000000000000
[    2.861686] R10: 0000000000000000 R11: 0000000000000000 R12: 0000000000000028
[    2.861686] R13: ffffb0d080198a18 R14: 0000000000000000 R15: 0000000000000000
[    2.861686]  ? native_iret+0x7/0x7
[    2.861686]  do_page_fault+0x2e/0xe0
[    2.861686]  page_fault+0x25/0x50
[    2.861686] RIP: 0010:__do_page_fault+0x1f/0x4b0
[    2.861686] RSP: 0000:ffffb0d080198ac0 EFLAGS: 00010086
[    2.861686] RAX: 0000000000000028 RBX: 0000000000000000 RCX: ffffffff83c00a47
[    2.861686] RDX: 0000000000000028 RSI: 0000000000000000 RDI: ffffb0d080198b68
[    2.861686] RBP: ffffb0d080198b28 R08: 0000000000000000 R09: 0000000000000000
[    2.861686] R10: 0000000000000000 R11: 0000000000000000 R12: 0000000000000028
[    2.861686] R13: ffffb0d080198b68 R14: 0000000000000000 R15: 0000000000000000
[    2.861686]  ? native_iret+0x7/0x7
[    2.861686]  do_page_fault+0x2e/0xe0
[    2.861686]  page_fault+0x25/0x50
[    2.861686] RIP: 0010:__do_page_fault+0x1f/0x4b0
[    2.861686] RSP: 0000:ffffb0d080198c10 EFLAGS: 00010082
[    2.861686] RAX: 0000000000000028 RBX: 0000000000000000 RCX: ffffffff83c00a47
[    2.861686] RDX: 0000000000000028 RSI: 0000000000000000 RDI: ffffb0d080198cb8
[    2.861686] RBP: ffffb0d080198c78 R08: 0000000000000000 R09: 0000000000000000
[    2.861686] R10: 0000000000000000 R11: 0000000000000000 R12: 0000000000000028
[    2.861686] R13: ffffb0d080198cb8 R14: 0000000000000000 R15: 0000000000000000
[    2.861686]  ? native_iret+0x7/0x7
[    2.861686]  do_page_fault+0x2e/0xe0
[    2.861686]  page_fault+0x25/0x50
[    2.861686] RIP: 0010:__do_page_fault+0x1f/0x4b0
[    2.861686] RSP: 0000:ffffb0d080198d60 EFLAGS: 00010086
[    2.861686] RAX: 0000000000000028 RBX: 0000000000000000 RCX: ffffffff83c00a47
[    2.861686] RDX: 0000000000000028 RSI: 0000000000000000 RDI: ffffb0d080198e08
[    2.861686] RBP: ffffb0d080198dc8 R08: 0000000000000000 R09: 0000000000000000
[    2.861686] R10: 0000000000000000 R11: 0000000000000000 R12: 0000000000000028
[    2.861686] R13: ffffb0d080198e08 R14: 0000000000000000 R15: 0000000000000000
[    2.861686]  ? native_iret+0x7/0x7
[    2.861686]  do_page_fault+0x2e/0xe0
[    2.861686]  page_fault+0x25/0x50
[    2.861686] RIP: 0010:__do_page_fault+0x1f/0x4b0
[    2.861686] RSP: 0000:ffffb0d080198eb0 EFLAGS: 00010082
[    2.861686] RAX: 0000000000000028 RBX: 0000000000000000 RCX: ffffffff83c00a47
[    2.861686] RDX: 0000000000000028 RSI: 0000000000000000 RDI: ffffb0d080198f58
[    2.861686] RBP: ffffb0d080198f18 R08: 0000000000000000 R09: 0000000000000000
[    2.861686] R10: 0000000000000000 R11: 0000000000000000 R12: 0000000000000028
[    2.861686] R13: ffffb0d080198f58 R14: 0000000000000000 R15: 0000000000000000
[    2.861686]  ? native_iret+0x7/0x7
[    2.861686]  do_page_fault+0x2e/0xe0
[    2.861686]  page_fault+0x25/0x50
[    2.861686] RIP: 0010:__do_page_fault+0x1f/0x4b0
[    2.861686] RSP: 0000:ffffb0d080199000 EFLAGS: 00010086
[    2.861686] RAX: 0000000000000028 RBX: 0000000000000000 RCX: ffffffff83c00a47
[    2.861686] RDX: 0000000000000028 RSI: 0000000000000000 RDI: ffffb0d0801990a8
[    2.861686] RBP: ffffb0d080199068 R08: 0000000000000000 R09: 0000000000000000
[    2.861686] R10: 0000000000000000 R11: 0000000000000000 R12: 0000000000000028
[    2.861686] R13: ffffb0d0801990a8 R14: 0000000000000000 R15: 0000000000000000
[    2.861686]  ? native_iret+0x7/0x7
[    2.861686]  do_page_fault+0x2e/0xe0
[    2.861686]  page_fault+0x25/0x50
[    2.861686] RIP: 0010:__do_page_fault+0x1f/0x4b0
[    2.861686] RSP: 0000:ffffb0d080199150 EFLAGS: 00010086
[    2.861686] RAX: 0000000000000028 RBX: 0000000000000000 RCX: ffffffff83c00a47
[    2.861686] RDX: 0000000000000028 RSI: 0000000000000000 RDI: ffffb0d0801991f8
[    2.861686] RBP: ffffb0d0801991b8 R08: 0000000000000000 R09: 0000000000000000
[    2.861686] R10: 0000000000000000 R11: 0000000000000000 R12: 0000000000000028
[    2.861686] R13: ffffb0d0801991f8 R14: 0000000000000000 R15: 0000000000000000
[    2.861686]  ? native_iret+0x7/0x7
[    2.861686]  do_page_fault+0x2e/0xe0
[    2.861686]  page_fault+0x25/0x50
[    2.861686] RIP: 0010:__do_page_fault+0x1f/0x4b0
[    2.861686] RSP: 0000:ffffb0d0801992a0 EFLAGS: 00010086
[    2.861686] RAX: 0000000000000028 RBX: 0000000000000000 RCX: ffffffff83c00a47
[    2.861686] RDX: 0000000000000028 RSI: 0000000000000000 RDI: ffffb0d080199348
[    2.861686] RBP: ffffb0d080199308 R08: 0000000000000000 R09: 0000000000000000
[    2.861686] R10: 0000000000000000 R11: 0000000000000000 R12: 0000000000000028
[    2.861686] R13: ffffb0d080199348 R14: 0000000000000000 R15: 0000000000000000
[    2.861686]  ? native_iret+0x7/0x7
[    2.861686]  do_page_fault+0x2e/0xe0
[    2.861686]  page_fault+0x25/0x50
[    2.861686] RIP: 0010:__do_page_fault+0x1f/0x4b0
[    2.861686] RSP: 0000:ffffb0d0801993f0 EFLAGS: 00010086
[    2.861686] RAX: 0000000000000028 RBX: 0000000000000000 RCX: ffffffff83c00a47
[    2.861686] RDX: 0000000000000028 RSI: 0000000000000000 RDI: ffffb0d080199498
[    2.861686] RBP: ffffb0d080199458 R08: 0000000000000000 R09: 0000000000000000
[    2.861686] R10: 0000000000000000 R11: 0000000000000000 R12: 0000000000000028
[    2.861686] R13: ffffb0d080199498 R14: 0000000000000000 R15: 0000000000000000
[    2.861686]  ? native_iret+0x7/0x7
[    2.861686]  do_page_fault+0x2e/0xe0
[    2.861686]  page_fault+0x25/0x50
[    2.861686] RIP: 0010:__do_page_fault+0x1f/0x4b0
[    2.861686] RSP: 0000:ffffb0d080199540 EFLAGS: 00010082
[    2.861686] RAX: 0000000000000028 RBX: 0000000000000000 RCX: ffffffff83c00a47
[    2.861686] RDX: 0000000000000028 RSI: 0000000000000000 RDI: ffffb0d0801995e8
[    2.861686] RBP: ffffb0d0801995a8 R08: 0000000000000000 R09: 0000000000000000
[    2.861686] R10: 0000000000000000 R11: 0000000000000000 R12: 0000000000000028
[    2.861686] R13: ffffb0d0801995e8 R14: 0000000000000000 R15: 0000000000000000
[    2.861686]  ? native_iret+0x7/0x7
[    2.861686]  do_page_fault+0x2e/0xe0
[    2.861686]  page_fault+0x25/0x50
[    2.861686] RIP: 0010:__do_page_fault+0x1f/0x4b0
[    2.861686] RSP: 0000:ffffb0d080199690 EFLAGS: 00010086
[    2.861686] RAX: 0000000000000028 RBX: 0000000000000000 RCX: ffffffff83c00a47
[    2.861686] RDX: 0000000000000028 RSI: 0000000000000000 RDI: ffffb0d080199738
[    2.861686] RBP: ffffb0d0801996f8 R08: 0000000000000000 R09: 0000000000000000
[    2.861686] R10: 0000000000000000 R11: 0000000000000000 R12: 0000000000000028
[    2.861686] R13: ffffb0d080199738 R14: 0000000000000000 R15: 0000000000000000
[    2.861686]  ? native_iret+0x7/0x7
[    2.861686]  do_page_fault+0x2e/0xe0
[    2.861686]  page_fault+0x25/0x50
[    2.861686] RIP: 0010:__do_page_fault+0x1f/0x4b0
[    2.861686] RSP: 0000:ffffb0d0801997e0 EFLAGS: 00010082
[    2.861686] RAX: 0000000000000028 RBX: 0000000000000000 RCX: ffffffff83c00a47
[    2.861686] RDX: 0000000000000028 RSI: 0000000000000000 RDI: ffffb0d080199888
[    2.861686] RBP: ffffb0d080199848 R08: 0000000000000000 R09: 0000000000000000
[    2.861686] R10: 0000000000000000 R11: 0000000000000000 R12: 0000000000000028
[    2.861686] R13: ffffb0d080199888 R14: 0000000000000000 R15: 0000000000000000
[    2.861686]  ? native_iret+0x7/0x7
[    2.861686]  do_page_fault+0x2e/0xe0
[    2.861686]  page_fault+0x25/0x50
[    2.861686] RIP: 0010:__do_page_fault+0x1f/0x4b0
[    2.861686] RSP: 0000:ffffb0d080199930 EFLAGS: 00010086
[    2.861686] RAX: 0000000000000028 RBX: 0000000000000000 RCX: ffffffff83c00a47
[    2.861686] RDX: 0000000000000028 RSI: 0000000000000000 RDI: ffffb0d0801999d8
[    2.861686] RBP: ffffb0d080199998 R08: 0000000000000000 R09: 0000000000000000
[    2.861686] R10: 0000000000000000 R11: 0000000000000000 R12: 0000000000000028
[    2.861686] R13: ffffb0d0801999d8 R14: 0000000000000000 R15: 0000000000000000
[    2.861686]  ? native_iret+0x7/0x7
[    2.861686]  do_page_fault+0x2e/0xe0
[    2.861686]  page_fault+0x25/0x50
[    2.861686] RIP: 0010:__do_page_fault+0x1f/0x4b0
[    2.861686] RSP: 0000:ffffb0d080199a80 EFLAGS: 00010082
[    2.861686] RAX: 0000000000000028 RBX: 0000000000000000 RCX: ffffffff83c00a47
[    2.861686] RDX: 0000000000000028 RSI: 0000000000000000 RDI: ffffb0d080199b28
[    2.861686] RBP: ffffb0d080199ae8 R08: 0000000000000000 R09: 0000000000000000
[    2.861686] R10: 0000000000000000 R11: 0000000000000000 R12: 0000000000000028
[    2.861686] R13: ffffb0d080199b28 R14: 0000000000000000 R15: 0000000000000000
[    2.861686]  ? native_iret+0x7/0x7
[    2.861686]  do_page_fault+0x2e/0xe0
[    2.861686]  page_fault+0x25/0x50
[    2.861686] RIP: 0010:__do_page_fault+0x1f/0x4b0
[    2.861686] RSP: 0000:ffffb0d080199bd0 EFLAGS: 00010082
[    2.861686] RAX: 0000000000000028 RBX: 0000000000000000 RCX: ffffffff83c00a47
[    2.861686] RDX: 0000000000000028 RSI: 0000000000000000 RDI: ffffb0d080199c78
[    2.861686] RBP: ffffb0d080199c38 R08: 0000000000000000 R09: 0000000000000000
[    2.861686] R10: 0000000000000000 R11: 0000000000000000 R12: 0000000000000028
[    2.861686] R13: ffffb0d080199c78 R14: 0000000000000000 R15: 0000000000000000
[    2.861686]  ? native_iret+0x7/0x7
[    2.861686]  do_page_fault+0x2e/0xe0
[    2.861686]  page_fault+0x25/0x50
[    2.861686] RIP: 0010:__do_page_fault+0x1f/0x4b0
[    2.861686] RSP: 0000:ffffb0d080199d20 EFLAGS: 00010082
[    2.861686] RAX: 0000000000000028 RBX: 0000000000000000 RCX: ffffffff83c00a47
[    2.861686] RDX: 0000000000000028 RSI: 0000000000000000 RDI: ffffb0d080199dc8
[    2.861686] RBP: ffffb0d080199d88 R08: 0000000000000000 R09: 0000000000000000
[    2.861686] R10: 0000000000000000 R11: 0000000000000000 R12: 0000000000000028
[    2.861686] R13: ffffb0d080199dc8 R14: 0000000000000000 R15: 0000000000000000
[    2.861686]  ? native_iret+0x7/0x7
[    2.861686]  do_page_fault+0x2e/0xe0
[    2.861686]  page_fault+0x25/0x50
[    2.861686] RIP: 0010:__do_page_fault+0x1f/0x4b0
[    2.861686] RSP: 0000:ffffb0d080199e70 EFLAGS: 00010082
[    2.861686] RAX: 0000000000000028 RBX: 0000000000000000 RCX: ffffffff83c00a47
[    2.861686] RDX: 0000000000000028 RSI: 0000000000000000 RDI: ffffb0d080199f18
[    2.861686] RBP: ffffb0d080199ed8 R08: 0000000000000000 R09: 0000000000000000
[    2.861686] R10: 0000000000000000 R11: 0000000000000000 R12: 0000000000000028
[    2.861686] R13: ffffb0d080199f18 R14: 0000000000000000 R15: 0000000000000000
[    2.861686]  ? native_iret+0x7/0x7
[    2.861686]  do_page_fault+0x2e/0xe0
[    2.861686]  page_fault+0x25/0x50
[    2.861686] RIP: 0010:__do_page_fault+0x1f/0x4b0
[    2.861686] RSP: 0000:ffffb0d080199fc0 EFLAGS: 00010086
[    2.861686] RAX: 0000000000000028 RBX: 0000000000000000 RCX: ffffffff83c00a47
[    2.861686] RDX: 0000000000000028 RSI: 0000000000000000 RDI: ffffb0d08019a068
[    2.861686] RBP: ffffb0d08019a028 R08: 0000000000000000 R09: 0000000000000000
[    2.861686] R10: 0000000000000000 R11: 0000000000000000 R12: 0000000000000028
[    2.861686] R13: ffffb0d08019a068 R14: 0000000000000000 R15: 0000000000000000
[    2.861686]  ? native_iret+0x7/0x7
[    2.861686]  do_page_fault+0x2e/0xe0
[    2.861686]  page_fault+0x25/0x50
[    2.861686] RIP: 0010:__do_page_fault+0x1f/0x4b0
[    2.861686] RSP: 0000:ffffb0d08019a110 EFLAGS: 00010082
[    2.861686] RAX: 0000000000000028 RBX: 0000000000000000 RCX: ffffffff83c00a47
[    2.861686] RDX: 0000000000000028 RSI: 0000000000000000 RDI: ffffb0d08019a1b8
[    2.861686] RBP: ffffb0d08019a178 R08: 0000000000000000 R09: 0000000000000000
[    2.861686] R10: 0000000000000000 R11: 0000000000000000 R12: 0000000000000028
[    2.861686] R13: ffffb0d08019a1b8 R14: 0000000000000000 R15: 0000000000000000
[    2.861686]  ? native_iret+0x7/0x7
[    2.861686]  do_page_fault+0x2e/0xe0
[    2.861686]  page_fault+0x25/0x50
[    2.861686] RIP: 0010:__do_page_fault+0x1f/0x4b0
[    2.861686] RSP: 0000:ffffb0d08019a260 EFLAGS: 00010086
[    2.861686] RAX: 0000000000000028 RBX: 0000000000000000 RCX: ffffffff83c00a47
[    2.861686] RDX: 0000000000000028 RSI: 0000000000000000 RDI: ffffb0d08019a308
[    2.861686] RBP: ffffb0d08019a2c8 R08: 0000000000000000 R09: 0000000000000000
[    2.861686] R10: 0000000000000000 R11: 0000000000000000 R12: 0000000000000028
[    2.861686] R13: ffffb0d08019a308 R14: 0000000000000000 R15: 0000000000000000
[    2.861686]  ? native_iret+0x7/0x7
[    2.861686]  do_page_fault+0x2e/0xe0
[    2.861686]  page_fault+0x25/0x50
[    2.861686] RIP: 0010:__do_page_fault+0x1f/0x4b0
[    2.861686] RSP: 0000:ffffb0d08019a3b0 EFLAGS: 00010082
[    2.861686] RAX: 0000000000000028 RBX: 0000000000000000 RCX: ffffffff83c00a47
[    2.861686] RDX: 0000000000000028 RSI: 0000000000000000 RDI: ffffb0d08019a458
[    2.861686] RBP: ffffb0d08019a418 R08: 0000000000000000 R09: 0000000000000000
[    2.861686] R10: 0000000000000000 R11: 0000000000000000 R12: 0000000000000028
[    2.861686] R13: ffffb0d08019a458 R14: 0000000000000000 R15: 0000000000000000
[    2.861686]  ? native_iret+0x7/0x7
[    2.861686]  do_page_fault+0x2e/0xe0
[    2.861686]  page_fault+0x25/0x50
[    2.861686] RIP: 0010:__do_page_fault+0x1f/0x4b0
[    2.861686] RSP: 0000:ffffb0d08019a500 EFLAGS: 00010086
[    2.861686] RAX: 0000000000000028 RBX: 0000000000000000 RCX: ffffffff83c00a47
[    2.861686] RDX: 0000000000000028 RSI: 0000000000000000 RDI: ffffb0d08019a5a8
[    2.861686] RBP: ffffb0d08019a568 R08: 0000000000000000 R09: 0000000000000000
[    2.861686] R10: 0000000000000000 R11: 0000000000000000 R12: 0000000000000028
[    2.861686] R13: ffffb0d08019a5a8 R14: 0000000000000000 R15: 0000000000000000
[    2.861686]  ? native_iret+0x7/0x7
[    2.861686]  do_page_fault+0x2e/0xe0
[    2.861686]  page_fault+0x25/0x50
[    2.861686] RIP: 0010:__do_page_fault+0x1f/0x4b0
[    2.861686] RSP: 0000:ffffb0d08019a650 EFLAGS: 00010086
[    2.861686] RAX: 0000000000000028 RBX: 0000000000000000 RCX: ffffffff83c00a47
[    2.861686] RDX: 0000000000000028 RSI: 0000000000000000 RDI: ffffb0d08019a6f8
[    2.861686] RBP: ffffb0d08019a6b8 R08: 0000000000000000 R09: 0000000000000000
[    2.861686] R10: 0000000000000000 R11: 0000000000000000 R12: 0000000000000028
[    2.861686] R13: ffffb0d08019a6f8 R14: 0000000000000000 R15: 0000000000000000
[    2.861686]  ? native_iret+0x7/0x7
[    2.861686]  do_page_fault+0x2e/0xe0
[    2.861686]  page_fault+0x25/0x50
[    2.861686] RIP: 0010:__do_page_fault+0x1f/0x4b0
[    2.861686] RSP: 0000:ffffb0d08019a7a0 EFLAGS: 00010086
[    2.861686] RAX: 0000000000000028 RBX: 0000000000000000 RCX: ffffffff83c00a47
[    2.861686] RDX: 0000000000000028 RSI: 0000000000000000 RDI: ffffb0d08019a848
[    2.861686] RBP: ffffb0d08019a808 R08: 0000000000000000 R09: 0000000000000000
[    2.861686] R10: 0000000000000000 R11: 0000000000000000 R12: 0000000000000028
[    2.861686] R13: ffffb0d08019a848 R14: 0000000000000000 R15: 0000000000000000
[    2.861686]  ? native_iret+0x7/0x7
[    2.861686]  do_page_fault+0x2e/0xe0
[    2.861686]  page_fault+0x25/0x50
[    2.861686] RIP: 0010:__do_page_fault+0x1f/0x4b0
[    2.861686] RSP: 0000:ffffb0d08019a8f0 EFLAGS: 00010086
[    2.861686] RAX: 0000000000000028 RBX: 0000000000000000 RCX: ffffffff83c00a47
[    2.861686] RDX: 0000000000000028 RSI: 0000000000000000 RDI: ffffb0d08019a998
[    2.861686] RBP: ffffb0d08019a958 R08: 0000000000000000 R09: 0000000000000000
[    2.861686] R10: 0000000000000000 R11: 0000000000000000 R12: 0000000000000028
[    2.861686] R13: ffffb0d08019a998 R14: 0000000000000000 R15: 0000000000000000
[    2.861686]  ? native_iret+0x7/0x7
[    2.861686]  do_page_fault+0x2e/0xe0
[    2.861686]  page_fault+0x25/0x50
[    2.861686] RIP: 0010:__do_page_fault+0x1f/0x4b0
[    2.861686] RSP: 0000:ffffb0d08019aa40 EFLAGS: 00010082
[    2.861686] RAX: 0000000000000028 RBX: 0000000000000000 RCX: ffffffff83c00a47
[    2.861686] RDX: 0000000000000028 RSI: 0000000000000000 RDI: ffffb0d08019aae8
[    2.861686] RBP: ffffb0d08019aaa8 R08: 0000000000000000 R09: 0000000000000000
[    2.861686] R10: 0000000000000000 R11: 0000000000000000 R12: 0000000000000028
[    2.861686] R13: ffffb0d08019aae8 R14: 0000000000000000 R15: 0000000000000000
[    2.861686]  ? native_iret+0x7/0x7
[    2.861686]  do_page_fault+0x2e/0xe0
[    2.861686]  page_fault+0x25/0x50
[    2.861686] RIP: 0010:__do_page_fault+0x1f/0x4b0
[    2.861686] RSP: 0000:ffffb0d08019ab90 EFLAGS: 00010086
[    2.861686] RAX: 0000000000000028 RBX: 0000000000000000 RCX: ffffffff83c00a47
[    2.861686] RDX: 0000000000000028 RSI: 0000000000000000 RDI: ffffb0d08019ac38
[    2.861686] RBP: ffffb0d08019abf8 R08: 0000000000000000 R09: 0000000000000000
[    2.861686] R10: 0000000000000000 R11: 0000000000000000 R12: 0000000000000028
[    2.861686] R13: ffffb0d08019ac38 R14: 0000000000000000 R15: 0000000000000000
[    2.861686]  ? native_iret+0x7/0x7
[    2.861686]  do_page_fault+0x2e/0xe0
[    2.861686]  page_fault+0x25/0x50
[    2.861686] RIP: 0010:__do_page_fault+0x1f/0x4b0
[    2.861686] RSP: 0000:ffffb0d08019ace0 EFLAGS: 00010082
[    2.861686] RAX: 0000000000000028 RBX: 0000000000000000 RCX: ffffffff83c00a47
[    2.861686] RDX: 0000000000000028 RSI: 0000000000000000 RDI: ffffb0d08019ad88
[    2.861686] RBP: ffffb0d08019ad48 R08: 0000000000000000 R09: 0000000000000000
[    2.861686] R10: 0000000000000000 R11: 0000000000000000 R12: 0000000000000028
[    2.861686] R13: ffffb0d08019ad88 R14: 0000000000000000 R15: 0000000000000000
[    2.861686]  ? native_iret+0x7/0x7
[    2.861686]  do_page_fault+0x2e/0xe0
[    2.861686]  page_fault+0x25/0x50
[    2.861686] RIP: 0010:__do_page_fault+0x1f/0x4b0
[    2.861686] RSP: 0000:ffffb0d08019ae30 EFLAGS: 00010086
[    2.861686] RAX: 0000000000000028 RBX: 0000000000000000 RCX: ffffffff83c00a47
[    2.861686] RDX: 0000000000000028 RSI: 0000000000000000 RDI: ffffb0d08019aed8
[    2.861686] RBP: ffffb0d08019ae98 R08: 0000000000000000 R09: 0000000000000000
[    2.861686] R10: 0000000000000000 R11: 0000000000000000 R12: 0000000000000028
[    2.861686] R13: ffffb0d08019aed8 R14: 0000000000000000 R15: 0000000000000000
[    2.861686]  ? native_iret+0x7/0x7
[    2.861686]  do_page_fault+0x2e/0xe0
[    2.861686]  page_fault+0x25/0x50
[    2.861686] RIP: 0010:__do_page_fault+0x1f/0x4b0
[    2.861686] RSP: 0000:ffffb0d08019af80 EFLAGS: 00010082
[    2.861686] RAX: 0000000000000028 RBX: 0000000000000000 RCX: ffffffff83c00a47
[    2.861686] RDX: 0000000000000028 RSI: 0000000000000000 RDI: ffffb0d08019b028
[    2.861686] RBP: ffffb0d08019afe8 R08: 0000000000000000 R09: 0000000000000000
[    2.861686] R10: 0000000000000000 R11: 0000000000000000 R12: 0000000000000028
[    2.861686] R13: ffffb0d08019b028 R14: 0000000000000000 R15: 0000000000000000
[    2.861686]  ? native_iret+0x7/0x7
[    2.861686]  do_page_fault+0x2e/0xe0
[    2.861686]  page_fault+0x25/0x50
[    2.861686] RIP: 0010:__do_page_fault+0x1f/0x4b0
[    2.861686] RSP: 0000:ffffb0d08019b0d0 EFLAGS: 00010082
[    2.861686] RAX: 0000000000000028 RBX: 0000000000000000 RCX: ffffffff83c00a47
[    2.861686] RDX: 0000000000000028 RSI: 0000000000000000 RDI: ffffb0d08019b178
[    2.861686] RBP: ffffb0d08019b138 R08: 0000000000000000 R09: 0000000000000000
[    2.861686] R10: 0000000000000000 R11: 0000000000000000 R12: 0000000000000028
[    2.861686] R13: ffffb0d08019b178 R14: 0000000000000000 R15: 0000000000000000
[    2.861686]  ? native_iret+0x7/0x7
[    2.861686]  ? acpi_ex_system_memory_space_handler+0x2a3/0x2a3
[    2.861686]  do_page_fault+0x2e/0xe0
[    2.861686]  page_fault+0x25/0x50
[    2.861686] RIP: 0010:__do_page_fault+0x1f/0x4b0
[    2.861686] RSP: 0000:ffffb0d08019b220 EFLAGS: 00010082
[    2.861686] RAX: 0000000000000028 RBX: 0000000000000000 RCX: ffffffff83c00a47
[    2.861686] RDX: 0000000000000028 RSI: 0000000000000000 RDI: ffffb0d08019b2c8
[    2.861686] RBP: ffffb0d08019b288 R08: 0000000000000000 R09: 0000000000000000
[    2.861686] R10: 0000000000000000 R11: 0000000000000000 R12: 0000000000000028
[    2.861686] R13: ffffb0d08019b2c8 R14: 0000000000000000 R15: 0000000000000000
[    2.861686]  ? native_iret+0x7/0x7
[    2.861686]  ? memzero_explicit+0xe/0x10
[    2.861686]  ? blake2s_final+0x5c/0x70
[    2.861686]  do_page_fault+0x2e/0xe0
[    2.861686]  page_fault+0x25/0x50
[    2.861686] RIP: 0010:__do_page_fault+0x1f/0x4b0
[    2.861686] RSP: 0000:ffffb0d08019b370 EFLAGS: 00010082
[    2.861686] RAX: 0000000000000028 RBX: 0000000000000000 RCX: ffffffff83c00a47
[    2.861686] RDX: 0000000000000028 RSI: 0000000000000000 RDI: ffffb0d08019b418
[    2.861686] RBP: ffffb0d08019b3d8 R08: 0000000000000000 R09: 0000000000000000
[    2.861686] R10: 0000000000000000 R11: 0000000000000000 R12: 0000000000000028
[    2.861686] R13: ffffb0d08019b418 R14: 0000000000000000 R15: 0000000000000000
[    2.861686]  ? native_iret+0x7/0x7
[    2.861686]  do_page_fault+0x2e/0xe0
[    2.861686]  page_fault+0x25/0x50
[    2.861686] RIP: 0010:__do_page_fault+0x1f/0x4b0
[    2.861686] RSP: 0000:ffffb0d08019b4c0 EFLAGS: 00010086
[    2.861686] RAX: 0000000000000028 RBX: 0000000000000000 RCX: ffffffff83c00a47
[    2.861686] RDX: 0000000000000028 RSI: 0000000000000000 RDI: ffffb0d08019b568
[    2.861686] RBP: ffffb0d08019b528 R08: 0000000000000000 R09: 0000000000000000
[    2.861686] R10: 0000000000000000 R11: 0000000000000000 R12: 0000000000000028
[    2.861686] R13: ffffb0d08019b568 R14: 0000000000000000 R15: 0000000000000000
[    2.861686]  ? native_iret+0x7/0x7
[    2.861686]  do_page_fault+0x2e/0xe0
[    2.861686]  page_fault+0x25/0x50
[    2.861686] RIP: 0010:__do_page_fault+0x1f/0x4b0
[    2.861686] RSP: 0000:ffffb0d08019b610 EFLAGS: 00010082
[    2.861686] RAX: 0000000000000028 RBX: 0000000000000000 RCX: ffffffff83c00a47
[    2.861686] RDX: 0000000000000028 RSI: 0000000000000000 RDI: ffffb0d08019b6b8
[    2.861686] RBP: ffffb0d08019b678 R08: 0000000000000000 R09: 0000000000000000
[    2.861686] R10: 0000000000000000 R11: 0000000000000000 R12: 0000000000000028
[    2.861686] R13: ffffb0d08019b6b8 R14: 0000000000000000 R15: 0000000000000000
[    2.861686]  ? native_iret+0x7/0x7
[    2.861686]  do_page_fault+0x2e/0xe0
[    2.861686]  page_fault+0x25/0x50
[    2.861686] RIP: 0010:__do_page_fault+0x1f/0x4b0
[    2.861686] RSP: 0000:ffffb0d08019b760 EFLAGS: 00010086
[    2.861686] RAX: 0000000000000028 RBX: 0000000000000000 RCX: ffffffff83c00a47
[    2.861686] RDX: 0000000000000028 RSI: 0000000000000000 RDI: ffffb0d08019b808
[    2.861686] RBP: ffffb0d08019b7c8 R08: 0000000000000000 R09: 0000000000000000
[    2.861686] R10: 0000000000000000 R11: 0000000000000000 R12: 0000000000000028
[    2.861686] R13: ffffb0d08019b808 R14: 0000000000000000 R15: 0000000000000000
[    2.861686]  ? native_iret+0x7/0x7
[    2.861686]  ? find_next_bit+0xb/0x10
[    2.861686]  do_page_fault+0x2e/0xe0
[    2.861686]  page_fault+0x25/0x50
[    2.861686] RIP: 0010:__do_page_fault+0x1f/0x4b0
[    2.861686] RSP: 0000:ffffb0d08019b8b0 EFLAGS: 00010082
[    2.861686] RAX: 0000000000000028 RBX: 0000000000000000 RCX: ffffffff83c00a47
[    2.861686] RDX: 0000000000000028 RSI: 0000000000000000 RDI: ffffb0d08019b958
[    2.861686] RBP: ffffb0d08019b918 R08: 0000000000000000 R09: 0000000000000000
[    2.861686] R10: 0000000000000000 R11: 0000000000000000 R12: 0000000000000028
[    2.861686] R13: ffffb0d08019b958 R14: 0000000000000000 R15: 0000000000000000
[    2.861686]  ? native_iret+0x7/0x7
[    2.861686]  ? memzero_explicit+0xe/0x10
[    2.861686]  do_page_fault+0x2e/0xe0
[    2.861686]  page_fault+0x25/0x50
[    2.861686] RIP: 0010:__do_page_fault+0x1f/0x4b0
[    2.861686] RSP: 0000:ffffb0d08019ba00 EFLAGS: 00010086
[    2.861686] RAX: 0000000000000028 RBX: 0000000000000000 RCX: ffffffff83c00a47
[    2.861686] RDX: 0000000000000028 RSI: 0000000000000000 RDI: ffffb0d08019baa8
[    2.861686] RBP: ffffb0d08019ba68 R08: 0000000000000000 R09: 0000000000000000
[    2.861686] R10: 0000000000000000 R11: 0000000000000000 R12: 0000000000000028
[    2.861686] R13: ffffb0d08019baa8 R14: 0000000000000000 R15: 0000000000000000
[    2.861686]  ? native_iret+0x7/0x7
[    2.861686]  do_page_fault+0x2e/0xe0
[    2.861686]  page_fault+0x25/0x50
[    2.861686] RIP: 0010:__do_page_fault+0x1f/0x4b0
[    2.861686] RSP: 0000:ffffb0d08019bb50 EFLAGS: 00010086
[    2.861686] RAX: 000000000000500c RBX: 0000000000000000 RCX: ffffffff83c00a47
[    2.861686] RDX: 000000000000500c RSI: 0000000000000000 RDI: ffffb0d08019bbf8
[    2.861686] RBP: ffffb0d08019bbb8 R08: 0000000000000000 R09: 0000000000000000
[    2.861686] R10: 0000000000000000 R11: 0000000000000000 R12: 000000000000500c
[    2.861686] R13: ffffb0d08019bbf8 R14: 0000000000000000 R15: 0000000000000000
[    2.861686]  ? native_iret+0x7/0x7
[    2.861686]  ? idr_alloc_cmn+0x97/0xd0
[    2.861686]  ? put_dec+0x18/0xa0
[    2.861686]  do_page_fault+0x2e/0xe0
[    2.861686]  page_fault+0x25/0x50
[    2.861686] RIP: 0010:sync_regs+0x4/0x30
[    2.861686] RSP: 0000:ffffb0d08019bca0 EFLAGS: 00010082
[    2.861686] RAX: 800000003920a001 RBX: 0000000000000000 RCX: 0000000000000000
[    2.861686] RDX: 0000000000000000 RSI: ffffffff83c0162f RDI: ffffb0d08019bcb0
[    2.861686] RBP: ffffb0d08019bca0 R08: 0000000000000000 R09: 0000000000000000
[    2.861686] R10: 0000000000000000 R11: 0000000000000000 R12: ffffffff83c0162f
[    2.861686] R13: 0000000000000000 R14: 0000000000000000 R15: 0000000000000000
[    2.861686]  ? general_protection+0x2f/0x50
[    2.861686]  ? general_protection+0x2f/0x50
[    2.861686]  error_entry+0x93/0x140
[    2.861686] RIP: 10292:0x10
[    2.861686] RSP: 8019bde8:0000000000000000 EFLAGS: ffffb0d08019bd58 ORIG_RAX: ffffffff8326df4a
[    2.861686] RAX: 0000000000000000 RBX: ffffb0d08019bd84 RCX: 00000000c0011029
[    2.861686] RDX: 0000000000000000 RSI: ffffb0d08019bd84 RDI: 00000000c0011029
[    2.861686] RBP: ffffb0d08019bd60 R08: ffff9e807fc2b0a0 R09: ffff9e807e003800
[    2.861686] R10: 0000000000000000 R11: 0000000000000000 R12: ffff9e8077b2ba40
[    2.861686] R13: 0000000000000000 R14: ffffb0d08019bde8 R15: 0000000000000001
[    2.861686]  ? native_read_msr_safe+0xa/0x40
[    2.861686]  ? set_debug_rodata+0x34/0x34
[    2.861686]  ? msr_build_context.constprop.2+0xc2/0x120
[    2.861686]  ? set_debug_rodata+0x34/0x34
[    2.861686]  ? pm_check_save_msr+0xb1/0xd0
[    2.861686]  ? msr_build_context.constprop.2+0x120/0x120
[    2.861686]  ? do_one_initcall+0x52/0x1b0
[    2.861686]  ? kernel_init_freeable+0x1b7/0x259
[    2.861686]  ? rest_init+0xb0/0xb0
[    2.861686]  ? kernel_init+0xe/0x110
[    2.861686]  ? ret_from_fork+0x35/0x40
[    2.861686] Code: 00 eb 05 49 0f ba ee 3f 41 0f 22 de e9 95 f1 ff ff 0f 1f 40 00 66 2e 0f 1f 84 00 00 00 00 00 fc 56 48 8b 74 24 08 48 89 7c 24 08 <52> 51 50 41 50 41 51 41 52 41 53 53 55 41 54 41 55 41 56 41 57 
[    2.861686] RIP: error_entry+0xc/0x140 RSP: ffffb0d080198000
[    2.861686] ---[ end trace 4cf42318e18481f6 ]---
[    2.861686] Kernel panic - not syncing: Attempted to kill init! exitcode=0x0000000b
[    2.861686] 
[    2.861686] Kernel Offset: 0x2200000 from 0xffffffff81000000 (relocation range: 0xffffffff80000000-0xffffffffbfffffff)
[    2.861686] ---[ end Kernel panic - not syncing: Attempted to kill init! exitcode=0x0000000b
[    2.861686] 
